=====================================
🚀 Creating Change Request...
Response: {"result":{"parent":"","reason":"","watch_list":"","upon_reject":"cancel","sys_updated_on":"2025-06-19 06:36:35","type":"normal","approval_history":"","skills":"","number":"CHG0030216","test_plan":"Test build in staging; validate log delivery to Splunk and ensure alerts are received.","cab_delegate":"","requested_by_date":"","state":"-4","sys_created_by":"jenkins_api_user","knowledge":"false","order":"","phase":"requested","cmdb_ci":{"link":"https://dev214721.service-now.com/api/now/table/cmdb_ci/281a4d5fc0a8000b00e4ba489a83eedc","value":"281a4d5fc0a8000b00e4ba489a83eedc"},"delivery_plan":"","contract":"","impact":"2","active":"true","work_notes_list":"","priority":"3","sys_domain_path":"/","cab_recommendation":"","production_system":"false","review_date":"","business_duration":"","group_list":"","requested_by":{"link":"https://dev214721.service-now.com/api/now/table/sys_user/7439900cc3012a10883dfa0ed40131c0","value":"7439900cc3012a10883dfa0ed40131c0"},"change_plan":"","approval_set":"","copied_from":"","implementation_plan":"Deploy updated Splunk logging integration via Harness CI pipeline.","universal_request":"","end_date":"","short_description":"Automated Change Request from Harness CI Pipeline main ","correlation_display":"","delivery_task":"","work_start":"","additional_assignee_list":"","outside_maintenance_schedule":"false","u_auto_approve":"false","std_change_producer_version":"","service_offering":{"link":"https://dev214721.service-now.com/api/now/table/service_offering/87318ca4c312ea50883dfa0ed401310c","value":"87318ca4c312ea50883dfa0ed401310c"},"sys_class_name":"change_request","closed_by":"","follow_up":"","reassignment_count":"0","review_status":"","assigned_to":{"link":"https://dev214721.service-now.com/api/now/table/sys_user/7439900cc3012a10883dfa0ed40131c0","value":"7439900cc3012a10883dfa0ed40131c0"},"start_date":"","sla_due":"","comments_and_work_notes":"","escalation":"0","upon_approval":"proceed","correlation_id":"","made_sla":"true","backout_plan":"Rollback to previous build artifact and disable new HEC configurations.","conflict_status":"Not Run","task_effective_number":"CHG0030216","sys_updated_by":"jenkins_api_user","opened_by":{"link":"https://dev214721.service-now.com/api/now/table/sys_user/7439900cc3012a10883dfa0ed40131c0","value":"7439900cc3012a10883dfa0ed40131c0"},"user_input":"","sys_created_on":"2025-06-19 06:36:34","on_hold_task":"","sys_domain":{"link":"https://dev214721.service-now.com/api/now/table/sys_user_group/global","value":"global"},"route_reason":"","closed_at":"","review_comments":"","business_service":{"link":"https://dev214721.service-now.com/api/now/table/cmdb_ci_service/281a4d5fc0a8000b00e4ba489a83eedc","value":"281a4d5fc0a8000b00e4ba489a83eedc"},"time_worked":"","chg_model":{"link":"https://dev214721.service-now.com/api/now/table/chg_model/007c4001c343101035ae3f52c1d3aeb2","value":"007c4001c343101035ae3f52c1d3aeb2"},"expected_start":"","opened_at":"2025-06-19 06:36:34","work_end":"","phase_state":"open","work_notes":"","close_code":"","assignment_group":{"link":"https://dev214721.service-now.com/api/now/table/sys_user_group/12a586cd0bb23200ecfd818393673a30","value":"12a586cd0bb23200ecfd818393673a30"},"description":"Triggered automatically via Harness CI/CD pipeline to deploy updated log routing configurations. This change enhances the integration between application logs and Splunk, improves log granularity, and ensures real-time visibility into deployment events. Affects only the logging layer with no changes to core application functionality. Verified in staging prior to production rollout.","on_hold_reason":"","calendar_duration":"","close_notes":"","sys_id":"9ae14824c312ea50883dfa0ed40131cf","contact_type":"","cab_required":"false","urgency":"3","scope":"3","company":"","justification":"Enhances observability and improves log accuracy for production monitoring.","activity_due":"","comments":"","approval":"requested","due_date":"","sys_mod_count":"2","on_hold":"false","sys_tags":"","cab_date_time":"","conflict_last_run":"","unauthorized":"false","location":"","risk":"2","category":"Software","risk_impact_analysis":""}}
✅ Created Change Request Number: CHG0030216
🔗 Linking Affected Configuration Items...
🔧 Linked CI 281a4d5fc0a8000b00e4ba489a83eedc to Change Request 9ae14824c312ea50883dfa0ed40131cf
[Thu, Jun 19, 2025  6:36:41 AM] 🔄 Change Request State: -4
⏳ Waiting... (1/1000)
⏳ Waiting... (2/1000)
⏳ Waiting... (3/1000)
⏳ Waiting... (4/1000)
⏳ Waiting... (5/1000)
⏳ Waiting... (6/1000)
⏳ Waiting... (7/1000)
⏳ Waiting... (8/1000)
⏳ Waiting... (9/1000)
⏳ Waiting... (10/1000)
⏳ Waiting... (11/1000)
⏳ Waiting... (12/1000)
⏳ Waiting... (13/1000)
⏳ Waiting... (14/1000)
⏳ Waiting... (15/1000)
⏳ Waiting... (16/1000)
⏳ Waiting... (17/1000)
⏳ Waiting... (18/1000)
⏳ Waiting... (19/1000)
⏳ Waiting... (20/1000)
⏳ Waiting... (21/1000)
⏳ Waiting... (22/1000)
⏳ Waiting... (23/1000)
⏳ Waiting... (24/1000)
⏳ Waiting... (25/1000)
⏳ Waiting... (26/1000)
⏳ Waiting... (27/1000)
⏳ Waiting... (28/1000)
⏳ Waiting... (29/1000)
⏳ Waiting... (30/1000)
⏳ Waiting... (31/1000)
⏳ Waiting... (32/1000)
⏳ Waiting... (33/1000)
⏳ Waiting... (34/1000)
⏳ Waiting... (35/1000)
⏳ Waiting... (36/1000)
⏳ Waiting... (37/1000)
⏳ Waiting... (38/1000)
⏳ Waiting... (39/1000)
⏳ Waiting... (40/1000)
⏳ Waiting... (41/1000)
⏳ Waiting... (42/1000)
⏳ Waiting... (43/1000)
⏳ Waiting... (44/1000)
⏳ Waiting... (45/1000)
⏳ Waiting... (46/1000)
⏳ Waiting... (47/1000)
⏳ Waiting... (48/1000)
⏳ Waiting... (49/1000)
⏳ Waiting... (50/1000)
⏳ Waiting... (51/1000)
⏳ Waiting... (52/1000)
⏳ Waiting... (53/1000)
⏳ Waiting... (54/1000)
⏳ Waiting... (55/1000)
⏳ Waiting... (56/1000)
⏳ Waiting... (57/1000)
⏳ Waiting... (58/1000)
⏳ Waiting... (59/1000)
⏳ Waiting... (60/1000)
⏳ Waiting... (61/1000)
⏳ Waiting... (62/1000)
⏳ Waiting... (63/1000)
⏳ Waiting... (64/1000)
⏳ Waiting... (65/1000)
⏳ Waiting... (66/1000)
⏳ Waiting... (67/1000)
⏳ Waiting... (68/1000)
⏳ Waiting... (69/1000)
⏳ Waiting... (70/1000)
⏳ Waiting... (71/1000)
⏳ Waiting... (72/1000)
⏳ Waiting... (73/1000)
⏳ Waiting... (74/1000)
⏳ Waiting... (75/1000)
⏳ Waiting... (76/1000)
⏳ Waiting... (77/1000)
⏳ Waiting... (78/1000)
⏳ Waiting... (79/1000)
⏳ Waiting... (80/1000)
⏳ Waiting... (81/1000)
⏳ Waiting... (82/1000)
⏳ Waiting... (83/1000)
⏳ Waiting... (84/1000)
⏳ Waiting... (85/1000)
⏳ Waiting... (86/1000)
⏳ Waiting... (87/1000)
⏳ Waiting... (88/1000)
⏳ Waiting... (89/1000)
⏳ Waiting... (90/1000)
⏳ Waiting... (91/1000)
⏳ Waiting... (92/1000)
⏳ Waiting... (93/1000)
⏳ Waiting... (94/1000)
⏳ Waiting... (95/1000)
⏳ Waiting... (96/1000)
⏳ Waiting... (97/1000)
⏳ Waiting... (98/1000)
⏳ Waiting... (99/1000)
⏳ Waiting... (100/1000)
⏳ Waiting... (101/1000)
⏳ Waiting... (102/1000)
⏳ Waiting... (103/1000)
⏳ Waiting... (104/1000)
⏳ Waiting... (105/1000)
⏳ Waiting... (106/1000)
⏳ Waiting... (107/1000)
⏳ Waiting... (108/1000)
⏳ Waiting... (109/1000)
⏳ Waiting... (110/1000)
⏳ Waiting... (111/1000)
⏳ Waiting... (112/1000)
⏳ Waiting... (113/1000)
⏳ Waiting... (114/1000)
⏳ Waiting... (115/1000)
⏳ Waiting... (116/1000)
⏳ Waiting... (117/1000)
⏳ Waiting... (118/1000)
⏳ Waiting... (119/1000)
⏳ Waiting... (120/1000)
⏳ Waiting... (121/1000)
⏳ Waiting... (122/1000)
⏳ Waiting... (123/1000)
⏳ Waiting... (124/1000)
⏳ Waiting... (125/1000)
⏳ Waiting... (126/1000)
⏳ Waiting... (127/1000)
⏳ Waiting... (128/1000)
⏳ Waiting... (129/1000)
⏳ Waiting... (130/1000)
⏳ Waiting... (131/1000)
⏳ Waiting... (132/1000)
⏳ Waiting... (133/1000)
⏳ Waiting... (134/1000)
⏳ Waiting... (135/1000)
⏳ Waiting... (136/1000)
⏳ Waiting... (137/1000)
⏳ Waiting... (138/1000)
⏳ Waiting... (139/1000)
⏳ Waiting... (140/1000)
⏳ Waiting... (141/1000)
⏳ Waiting... (142/1000)
⏳ Waiting... (143/1000)
⏳ Waiting... (144/1000)
⏳ Waiting... (145/1000)
⏳ Waiting... (146/1000)
⏳ Waiting... (147/1000)
⏳ Waiting... (148/1000)
⏳ Waiting... (149/1000)
⏳ Waiting... (150/1000)
⏳ Waiting... (151/1000)
⏳ Waiting... (152/1000)
⏳ Waiting... (153/1000)
⏳ Waiting... (154/1000)
⏳ Waiting... (155/1000)
⏳ Waiting... (156/1000)
⏳ Waiting... (157/1000)
⏳ Waiting... (158/1000)
⏳ Waiting... (159/1000)
⏳ Waiting... (160/1000)
⏳ Waiting... (161/1000)
⏳ Waiting... (162/1000)
⏳ Waiting... (163/1000)
⏳ Waiting... (164/1000)
⏳ Waiting... (165/1000)
⏳ Waiting... (166/1000)
⏳ Waiting... (167/1000)
⏳ Waiting... (168/1000)
⏳ Waiting... (169/1000)
⏳ Waiting... (170/1000)
⏳ Waiting... (171/1000)
⏳ Waiting... (172/1000)
⏳ Waiting... (173/1000)
⏳ Waiting... (174/1000)
⏳ Waiting... (175/1000)
⏳ Waiting... (176/1000)
⏳ Waiting... (177/1000)
⏳ Waiting... (178/1000)
⏳ Waiting... (179/1000)
⏳ Waiting... (180/1000)
⏳ Waiting... (181/1000)
⏳ Waiting... (182/1000)
⏳ Waiting... (183/1000)
⏳ Waiting... (184/1000)
⏳ Waiting... (185/1000)
⏳ Waiting... (186/1000)
⏳ Waiting... (187/1000)
⏳ Waiting... (188/1000)
⏳ Waiting... (189/1000)
⏳ Waiting... (190/1000)
⏳ Waiting... (191/1000)
⏳ Waiting... (192/1000)
⏳ Waiting... (193/1000)
⏳ Waiting... (194/1000)
⏳ Waiting... (195/1000)
⏳ Waiting... (196/1000)
⏳ Waiting... (197/1000)
⏳ Waiting... (198/1000)
⏳ Waiting... (199/1000)
⏳ Waiting... (200/1000)
⏳ Waiting... (201/1000)
⏳ Waiting... (202/1000)
⏳ Waiting... (203/1000)
⏳ Waiting... (204/1000)
⏳ Waiting... (205/1000)
⏳ Waiting... (206/1000)
⏳ Waiting... (207/1000)
⏳ Waiting... (208/1000)
⏳ Waiting... (209/1000)
⏳ Waiting... (210/1000)
⏳ Waiting... (211/1000)
⏳ Waiting... (212/1000)
⏳ Waiting... (213/1000)
⏳ Waiting... (214/1000)
⏳ Waiting... (215/1000)
⏳ Waiting... (216/1000)
⏳ Waiting... (217/1000)
⏳ Waiting... (218/1000)
⏳ Waiting... (219/1000)
⏳ Waiting... (220/1000)
⏳ Waiting... (221/1000)
⏳ Waiting... (222/1000)
⏳ Waiting... (223/1000)
⏳ Waiting... (224/1000)
⏳ Waiting... (225/1000)
⏳ Waiting... (226/1000)
⏳ Waiting... (227/1000)
⏳ Waiting... (228/1000)
⏳ Waiting... (229/1000)
⏳ Waiting... (230/1000)
⏳ Waiting... (231/1000)
⏳ Waiting... (232/1000)
⏳ Waiting... (233/1000)
⏳ Waiting... (234/1000)
⏳ Waiting... (235/1000)
[Thu, Jun 19, 2025  7:42:56 AM] 🔄 Change Request State: 
⏳ Waiting... (236/1000)
[Thu, Jun 19, 2025  7:43:15 AM] 🔄 Change Request State: -4
⏳ Waiting... (237/1000)
⏳ Waiting... (238/1000)
⏳ Waiting... (239/1000)
⏳ Waiting... (240/1000)
⏳ Waiting... (241/1000)
⏳ Waiting... (242/1000)
⏳ Waiting... (243/1000)
⏳ Waiting... (244/1000)
⏳ Waiting... (245/1000)
⏳ Waiting... (246/1000)
⏳ Waiting... (247/1000)
⏳ Waiting... (248/1000)
⏳ Waiting... (249/1000)
⏳ Waiting... (250/1000)
⏳ Waiting... (251/1000)
⏳ Waiting... (252/1000)
⏳ Waiting... (253/1000)
⏳ Waiting... (254/1000)
⏳ Waiting... (255/1000)
⏳ Waiting... (256/1000)
⏳ Waiting... (257/1000)
⏳ Waiting... (258/1000)
⏳ Waiting... (259/1000)
⏳ Waiting... (260/1000)
⏳ Waiting... (261/1000)
⏳ Waiting... (262/1000)
⏳ Waiting... (263/1000)
⏳ Waiting... (264/1000)
⏳ Waiting... (265/1000)
⏳ Waiting... (266/1000)
⏳ Waiting... (267/1000)
⏳ Waiting... (268/1000)
⏳ Waiting... (269/1000)
⏳ Waiting... (270/1000)
⏳ Waiting... (271/1000)
⏳ Waiting... (272/1000)
⏳ Waiting... (273/1000)
⏳ Waiting... (274/1000)
⏳ Waiting... (275/1000)
⏳ Waiting... (276/1000)
⏳ Waiting... (277/1000)
⏳ Waiting... (278/1000)
⏳ Waiting... (279/1000)
⏳ Waiting... (280/1000)
⏳ Waiting... (281/1000)
⏳ Waiting... (282/1000)
⏳ Waiting... (283/1000)
⏳ Waiting... (284/1000)
⏳ Waiting... (285/1000)
⏳ Waiting... (286/1000)
⏳ Waiting... (287/1000)
⏳ Waiting... (288/1000)
⏳ Waiting... (289/1000)
⏳ Waiting... (290/1000)
⏳ Waiting... (291/1000)
⏳ Waiting... (292/1000)
⏳ Waiting... (293/1000)
⏳ Waiting... (294/1000)
⏳ Waiting... (295/1000)
⏳ Waiting... (296/1000)
⏳ Waiting... (297/1000)
⏳ Waiting... (298/1000)
⏳ Waiting... (299/1000)
⏳ Waiting... (300/1000)
⏳ Waiting... (301/1000)
⏳ Waiting... (302/1000)
⏳ Waiting... (303/1000)
⏳ Waiting... (304/1000)
⏳ Waiting... (305/1000)
⏳ Waiting... (306/1000)
⏳ Waiting... (307/1000)
⏳ Waiting... (308/1000)
⏳ Waiting... (309/1000)
⏳ Waiting... (310/1000)
⏳ Waiting... (311/1000)
⏳ Waiting... (312/1000)
⏳ Waiting... (313/1000)
⏳ Waiting... (314/1000)
⏳ Waiting... (315/1000)
⏳ Waiting... (316/1000)
⏳ Waiting... (317/1000)
⏳ Waiting... (318/1000)
⏳ Waiting... (319/1000)
⏳ Waiting... (320/1000)
⏳ Waiting... (321/1000)
⏳ Waiting... (322/1000)
⏳ Waiting... (323/1000)
⏳ Waiting... (324/1000)
⏳ Waiting... (325/1000)
⏳ Waiting... (326/1000)
⏳ Waiting... (327/1000)
⏳ Waiting... (328/1000)
⏳ Waiting... (329/1000)
⏳ Waiting... (330/1000)
⏳ Waiting... (331/1000)
⏳ Waiting... (332/1000)
⏳ Waiting... (333/1000)
⏳ Waiting... (334/1000)
⏳ Waiting... (335/1000)
⏳ Waiting... (336/1000)
⏳ Waiting... (337/1000)
⏳ Waiting... (338/1000)
⏳ Waiting... (339/1000)
⏳ Waiting... (340/1000)
⏳ Waiting... (341/1000)
⏳ Waiting... (342/1000)
⏳ Waiting... (343/1000)
⏳ Waiting... (344/1000)
⏳ Waiting... (345/1000)
⏳ Waiting... (346/1000)
⏳ Waiting... (347/1000)
⏳ Waiting... (348/1000)
⏳ Waiting... (349/1000)
⏳ Waiting... (350/1000)
⏳ Waiting... (351/1000)
⏳ Waiting... (352/1000)
⏳ Waiting... (353/1000)
⏳ Waiting... (354/1000)
⏳ Waiting... (355/1000)
⏳ Waiting... (356/1000)
⏳ Waiting... (357/1000)
⏳ Waiting... (358/1000)
⏳ Waiting... (359/1000)
⏳ Waiting... (360/1000)
⏳ Waiting... (361/1000)
⏳ Waiting... (362/1000)
⏳ Waiting... (363/1000)
⏳ Waiting... (364/1000)
⏳ Waiting... (365/1000)
⏳ Waiting... (366/1000)
⏳ Waiting... (367/1000)
⏳ Waiting... (368/1000)
⏳ Waiting... (369/1000)
⏳ Waiting... (370/1000)
⏳ Waiting... (371/1000)
⏳ Waiting... (372/1000)
⏳ Waiting... (373/1000)
⏳ Waiting... (374/1000)
⏳ Waiting... (375/1000)
⏳ Waiting... (376/1000)
⏳ Waiting... (377/1000)
⏳ Waiting... (378/1000)
⏳ Waiting... (379/1000)
⏳ Waiting... (380/1000)
⏳ Waiting... (381/1000)
⏳ Waiting... (382/1000)
⏳ Waiting... (383/1000)
⏳ Waiting... (384/1000)
⏳ Waiting... (385/1000)
⏳ Waiting... (386/1000)
⏳ Waiting... (387/1000)
⏳ Waiting... (388/1000)
⏳ Waiting... (389/1000)
⏳ Waiting... (390/1000)
⏳ Waiting... (391/1000)
⏳ Waiting... (392/1000)
⏳ Waiting... (393/1000)
⏳ Waiting... (394/1000)
⏳ Waiting... (395/1000)
⏳ Waiting... (396/1000)
⏳ Waiting... (397/1000)
⏳ Waiting... (398/1000)
⏳ Waiting... (399/1000)
⏳ Waiting... (400/1000)
⏳ Waiting... (401/1000)
⏳ Waiting... (402/1000)
⏳ Waiting... (403/1000)
⏳ Waiting... (404/1000)
⏳ Waiting... (405/1000)
⏳ Waiting... (406/1000)
⏳ Waiting... (407/1000)
⏳ Waiting... (408/1000)
⏳ Waiting... (409/1000)
⏳ Waiting... (410/1000)
⏳ Waiting... (411/1000)
⏳ Waiting... (412/1000)
⏳ Waiting... (413/1000)
⏳ Waiting... (414/1000)
⏳ Waiting... (415/1000)
⏳ Waiting... (416/1000)
⏳ Waiting... (417/1000)
⏳ Waiting... (418/1000)
⏳ Waiting... (419/1000)
⏳ Waiting... (420/1000)
⏳ Waiting... (421/1000)
⏳ Waiting... (422/1000)
⏳ Waiting... (423/1000)
⏳ Waiting... (424/1000)
⏳ Waiting... (425/1000)
⏳ Waiting... (426/1000)
⏳ Waiting... (427/1000)
⏳ Waiting... (428/1000)
⏳ Waiting... (429/1000)
⏳ Waiting... (430/1000)
⏳ Waiting... (431/1000)
⏳ Waiting... (432/1000)
⏳ Waiting... (433/1000)
⏳ Waiting... (434/1000)
⏳ Waiting... (435/1000)
⏳ Waiting... (436/1000)
⏳ Waiting... (437/1000)
⏳ Waiting... (438/1000)
⏳ Waiting... (439/1000)
⏳ Waiting... (440/1000)
⏳ Waiting... (441/1000)
⏳ Waiting... (442/1000)
⏳ Waiting... (443/1000)
⏳ Waiting... (444/1000)
⏳ Waiting... (445/1000)
⏳ Waiting... (446/1000)
⏳ Waiting... (447/1000)
⏳ Waiting... (448/1000)
⏳ Waiting... (449/1000)
⏳ Waiting... (450/1000)
⏳ Waiting... (451/1000)
⏳ Waiting... (452/1000)
⏳ Waiting... (453/1000)
⏳ Waiting... (454/1000)
⏳ Waiting... (455/1000)
⏳ Waiting... (456/1000)
⏳ Waiting... (457/1000)
⏳ Waiting... (458/1000)
⏳ Waiting... (459/1000)
⏳ Waiting... (460/1000)
⏳ Waiting... (461/1000)
⏳ Waiting... (462/1000)
⏳ Waiting... (463/1000)
⏳ Waiting... (464/1000)
⏳ Waiting... (465/1000)
⏳ Waiting... (466/1000)
⏳ Waiting... (467/1000)
⏳ Waiting... (468/1000)
⏳ Waiting... (469/1000)
[Thu, Jun 19, 2025  9:27:05 AM] 🔄 Change Request State: -3
⏳ Waiting... (470/1000)
[Thu, Jun 19, 2025  9:27:22 AM] 🔄 Change Request State: -2
📆 Change is now in 'Scheduled' state. Setting schedule time...
✅ Scheduled Start: 2025-06-19 09:32:22
✅ Scheduled End:   2025-06-19 10:02:22
⏳ Waiting until scheduled start time (296 seconds)...
⏳ Waiting... (471/1000)
[Thu, Jun 19, 2025  9:32:39 AM] 🔄 Change Request State: -1
🚀 Change Request is now in 'Implement' state. Proceeding with deployment.
